<?xml version="1.0" encoding="UTF-8"?>
<!-- Generated by org.testng.reporters.JUnitReportReporter -->
<testsuite hostname="DESKTOP-9L122V8" name="Week_02.RTTC_043" tests="1" failures="0" timestamp="9 Sep 2019 03:46:55 GMT" time="55.064" errors="0">
  <testcase name="validLoginTest" time="55.064" classname="Week_02.RTTC_043"/>
</testsuite> <!-- Week_02.RTTC_043 -->
